{"/Users/yfujita/fuji/private/github/elasticsearch-function-score-simulator/src/core/calculator.ts": {"path":"/Users/yfujita/fuji/private/github/elasticsearch-function-score-simulator/src/core/calculator.ts","statementMap":{"0":{"start":{"line":23,"column":2},"end":{"line":31,"column":null}},"1":{"start":{"line":25,"column":4},"end":{"line":25,"column":null}},"2":{"start":{"line":26,"column":4},"end":{"line":26,"column":null}},"3":{"start":{"line":29,"column":4},"end":{"line":29,"column":null}},"4":{"start":{"line":30,"column":4},"end":{"line":30,"column":null}},"5":{"start":{"line":34,"column":34},"end":{"line":34,"column":null}},"6":{"start":{"line":35,"column":8},"end":{"line":35,"column":null}},"7":{"start":{"line":37,"column":2},"end":{"line":50,"column":null}},"8":{"start":{"line":37,"column":15},"end":{"line":37,"column":18}},"9":{"start":{"line":38,"column":19},"end":{"line":38,"column":null}},"10":{"start":{"line":41,"column":29},"end":{"line":41,"column":null}},"11":{"start":{"line":43,"column":4},"end":{"line":47,"column":null}},"12":{"start":{"line":44,"column":20},"end":{"line":44,"column":null}},"13":{"start":{"line":46,"column":6},"end":{"line":46,"column":null}},"14":{"start":{"line":49,"column":4},"end":{"line":49,"column":null}},"15":{"start":{"line":52,"column":2},"end":{"line":52,"column":null}},"16":{"start":{"line":68,"column":2},"end":{"line":70,"column":null}},"17":{"start":{"line":69,"column":4},"end":{"line":69,"column":null}},"18":{"start":{"line":73,"column":2},"end":{"line":75,"column":null}},"19":{"start":{"line":74,"column":4},"end":{"line":74,"column":null}},"20":{"start":{"line":76,"column":2},"end":{"line":78,"column":null}},"21":{"start":{"line":77,"column":4},"end":{"line":77,"column":null}},"22":{"start":{"line":79,"column":2},"end":{"line":81,"column":null}},"23":{"start":{"line":80,"column":4},"end":{"line":80,"column":null}},"24":{"start":{"line":84,"column":2},"end":{"line":84,"column":null}}},"fnMap":{"0":{"name":"generateDataPoints","decl":{"start":{"line":14,"column":16},"end":{"line":14,"column":null}},"loc":{"start":{"line":18,"column":15},"end":{"line":53,"column":null}},"line":18},"1":{"name":"(anonymous_1)","decl":{"start":{"line":43,"column":22},"end":{"line":43,"column":23}},"loc":{"start":{"line":43,"column":39},"end":{"line":47,"column":5}},"line":43},"2":{"name":"calculateFunctionScore","decl":{"start":{"line":62,"column":16},"end":{"line":62,"column":null}},"loc":{"start":{"line":65,"column":10},"end":{"line":85,"column":null}},"line":65}},"branchMap":{"0":{"loc":{"start":{"line":17,"column":2},"end":{"line":17,"column":null}},"type":"default-arg","locations":[{"start":{"line":17,"column":19},"end":{"line":17,"column":null}}],"line":17},"1":{"loc":{"start":{"line":23,"column":2},"end":{"line":31,"column":null}},"type":"if","locations":[{"start":{"line":23,"column":2},"end":{"line":31,"column":null}},{"start":{"line":27,"column":9},"end":{"line":31,"column":null}}],"line":23},"2":{"loc":{"start":{"line":68,"column":2},"end":{"line":70,"column":null}},"type":"if","locations":[{"start":{"line":68,"column":2},"end":{"line":70,"column":null}},{"start":{},"end":{}}],"line":68},"3":{"loc":{"start":{"line":73,"column":2},"end":{"line":75,"column":null}},"type":"if","locations":[{"start":{"line":73,"column":2},"end":{"line":75,"column":null}},{"start":{},"end":{}}],"line":73},"4":{"loc":{"start":{"line":76,"column":2},"end":{"line":78,"column":null}},"type":"if","locations":[{"start":{"line":76,"column":2},"end":{"line":78,"column":null}},{"start":{},"end":{}}],"line":76},"5":{"loc":{"start":{"line":79,"column":2},"end":{"line":81,"column":null}},"type":"if","locations":[{"start":{"line":79,"column":2},"end":{"line":81,"column":null}},{"start":{},"end":{}}],"line":79}},"s":{"0":12,"1":2,"2":2,"3":10,"4":10,"5":12,"6":12,"7":12,"8":12,"9":180,"10":180,"11":180,"12":210,"13":210,"14":180,"15":180,"16":228,"17":174,"18":54,"19":39,"20":15,"21":9,"22":6,"23":4,"24":2},"f":{"0":12,"1":210,"2":228},"b":{"0":[12],"1":[2,10],"2":[174,54],"3":[39,15],"4":[9,6],"5":[4,2]},"meta":{"lastBranch":6,"lastFunction":3,"lastStatement":25,"seen":{"f:14:16:14:Infinity":0,"b:17:19:17:Infinity":0,"b:23:2:31:Infinity:27:9:31:Infinity":1,"s:23:2:31:Infinity":0,"s:25:4:25:Infinity":1,"s:26:4:26:Infinity":2,"s:29:4:29:Infinity":3,"s:30:4:30:Infinity":4,"s:34:34:34:Infinity":5,"s:35:8:35:Infinity":6,"s:37:2:50:Infinity":7,"s:37:15:37:18":8,"s:38:19:38:Infinity":9,"s:41:29:41:Infinity":10,"s:43:4:47:Infinity":11,"f:43:22:43:23":1,"s:44:20:44:Infinity":12,"s:46:6:46:Infinity":13,"s:49:4:49:Infinity":14,"s:52:2:52:Infinity":15,"f:62:16:62:Infinity":2,"b:68:2:70:Infinity:undefined:undefined:undefined:undefined":2,"s:68:2:70:Infinity":16,"s:69:4:69:Infinity":17,"b:73:2:75:Infinity:undefined:undefined:undefined:undefined":3,"s:73:2:75:Infinity":18,"s:74:4:74:Infinity":19,"b:76:2:78:Infinity:undefined:undefined:undefined:undefined":4,"s:76:2:78:Infinity":20,"s:77:4:77:Infinity":21,"b:79:2:81:Infinity:undefined:undefined:undefined:undefined":5,"s:79:2:81:Infinity":22,"s:80:4:80:Infinity":23,"s:84:2:84:Infinity":24}}}
,"/Users/yfujita/fuji/private/github/elasticsearch-function-score-simulator/src/core/functions/decay.ts": {"path":"/Users/yfujita/fuji/private/github/elasticsearch-function-score-simulator/src/core/functions/decay.ts","statementMap":{"0":{"start":{"line":17,"column":17},"end":{"line":17,"column":null}},"1":{"start":{"line":21,"column":22},"end":{"line":21,"column":null}},"2":{"start":{"line":22,"column":2},"end":{"line":24,"column":null}},"3":{"start":{"line":23,"column":4},"end":{"line":23,"column":null}},"4":{"start":{"line":27,"column":20},"end":{"line":27,"column":null}},"5":{"start":{"line":28,"column":17},"end":{"line":28,"column":null}},"6":{"start":{"line":31,"column":17},"end":{"line":31,"column":null}},"7":{"start":{"line":32,"column":8},"end":{"line":32,"column":null}},"8":{"start":{"line":33,"column":17},"end":{"line":33,"column":null}},"9":{"start":{"line":34,"column":16},"end":{"line":34,"column":null}},"10":{"start":{"line":37,"column":19},"end":{"line":37,"column":null}},"11":{"start":{"line":40,"column":2},"end":{"line":42,"column":null}},"12":{"start":{"line":41,"column":4},"end":{"line":41,"column":null}},"13":{"start":{"line":45,"column":28},"end":{"line":45,"column":null}},"14":{"start":{"line":50,"column":2},"end":{"line":62,"column":null}},"15":{"start":{"line":52,"column":6},"end":{"line":52,"column":null}},"16":{"start":{"line":53,"column":6},"end":{"line":53,"column":null}},"17":{"start":{"line":55,"column":6},"end":{"line":55,"column":null}},"18":{"start":{"line":56,"column":6},"end":{"line":56,"column":null}},"19":{"start":{"line":58,"column":6},"end":{"line":58,"column":null}},"20":{"start":{"line":59,"column":6},"end":{"line":59,"column":null}},"21":{"start":{"line":61,"column":6},"end":{"line":61,"column":null}},"22":{"start":{"line":64,"column":2},"end":{"line":64,"column":null}},"23":{"start":{"line":74,"column":2},"end":{"line":76,"column":null}},"24":{"start":{"line":75,"column":4},"end":{"line":75,"column":null}},"25":{"start":{"line":78,"column":16},"end":{"line":78,"column":null}},"26":{"start":{"line":79,"column":17},"end":{"line":79,"column":null}},"27":{"start":{"line":82,"column":2},"end":{"line":82,"column":null}},"28":{"start":{"line":92,"column":2},"end":{"line":94,"column":null}},"29":{"start":{"line":93,"column":4},"end":{"line":93,"column":null}},"30":{"start":{"line":96,"column":17},"end":{"line":96,"column":null}},"31":{"start":{"line":97,"column":2},"end":{"line":97,"column":null}},"32":{"start":{"line":107,"column":2},"end":{"line":109,"column":null}},"33":{"start":{"line":108,"column":4},"end":{"line":108,"column":null}},"34":{"start":{"line":111,"column":17},"end":{"line":111,"column":null}},"35":{"start":{"line":112,"column":2},"end":{"line":112,"column":null}}},"fnMap":{"0":{"name":"calculateDecayScore","decl":{"start":{"line":12,"column":16},"end":{"line":12,"column":null}},"loc":{"start":{"line":16,"column":10},"end":{"line":65,"column":null}},"line":16},"1":{"name":"calculateGaussDecay","decl":{"start":{"line":72,"column":9},"end":{"line":72,"column":29}},"loc":{"start":{"line":72,"column":85},"end":{"line":83,"column":null}},"line":72},"2":{"name":"calculateLinearDecay","decl":{"start":{"line":90,"column":9},"end":{"line":90,"column":30}},"loc":{"start":{"line":90,"column":86},"end":{"line":98,"column":null}},"line":90},"3":{"name":"calculateExpDecay","decl":{"start":{"line":105,"column":9},"end":{"line":105,"column":27}},"loc":{"start":{"line":105,"column":83},"end":{"line":113,"column":null}},"line":105}},"branchMap":{"0":{"loc":{"start":{"line":17,"column":17},"end":{"line":17,"column":null}},"type":"binary-expr","locations":[{"start":{"line":17,"column":17},"end":{"line":17,"column":32}},{"start":{"line":17,"column":32},"end":{"line":17,"column":null}}],"line":17},"1":{"loc":{"start":{"line":22,"column":2},"end":{"line":24,"column":null}},"type":"if","locations":[{"start":{"line":22,"column":2},"end":{"line":24,"column":null}},{"start":{},"end":{}}],"line":22},"2":{"loc":{"start":{"line":22,"column":6},"end":{"line":22,"column":55}},"type":"binary-expr","locations":[{"start":{"line":22,"column":6},"end":{"line":22,"column":22}},{"start":{"line":22,"column":22},"end":{"line":22,"column":55}}],"line":22},"3":{"loc":{"start":{"line":31,"column":17},"end":{"line":31,"column":null}},"type":"cond-expr","locations":[{"start":{"line":31,"column":53},"end":{"line":31,"column":81}},{"start":{"line":31,"column":81},"end":{"line":31,"column":null}}],"line":31},"4":{"loc":{"start":{"line":33,"column":17},"end":{"line":33,"column":null}},"type":"cond-expr","locations":[{"start":{"line":33,"column":24},"end":{"line":33,"column":64}},{"start":{"line":33,"column":64},"end":{"line":33,"column":null}}],"line":33},"5":{"loc":{"start":{"line":34,"column":16},"end":{"line":34,"column":null}},"type":"binary-expr","locations":[{"start":{"line":34,"column":16},"end":{"line":34,"column":32}},{"start":{"line":34,"column":32},"end":{"line":34,"column":null}}],"line":34},"6":{"loc":{"start":{"line":40,"column":2},"end":{"line":42,"column":null}},"type":"if","locations":[{"start":{"line":40,"column":2},"end":{"line":42,"column":null}},{"start":{},"end":{}}],"line":40},"7":{"loc":{"start":{"line":50,"column":2},"end":{"line":62,"column":null}},"type":"switch","locations":[{"start":{"line":51,"column":4},"end":{"line":53,"column":null}},{"start":{"line":54,"column":4},"end":{"line":56,"column":null}},{"start":{"line":57,"column":4},"end":{"line":59,"column":null}},{"start":{"line":60,"column":4},"end":{"line":61,"column":null}}],"line":50},"8":{"loc":{"start":{"line":74,"column":2},"end":{"line":76,"column":null}},"type":"if","locations":[{"start":{"line":74,"column":2},"end":{"line":76,"column":null}},{"start":{},"end":{}}],"line":74},"9":{"loc":{"start":{"line":74,"column":6},"end":{"line":74,"column":46}},"type":"binary-expr","locations":[{"start":{"line":74,"column":6},"end":{"line":74,"column":20}},{"start":{"line":74,"column":20},"end":{"line":74,"column":34}},{"start":{"line":74,"column":34},"end":{"line":74,"column":46}}],"line":74},"10":{"loc":{"start":{"line":82,"column":9},"end":{"line":82,"column":null}},"type":"cond-expr","locations":[{"start":{"line":82,"column":28},"end":{"line":82,"column":37}},{"start":{"line":82,"column":37},"end":{"line":82,"column":null}}],"line":82},"11":{"loc":{"start":{"line":92,"column":2},"end":{"line":94,"column":null}},"type":"if","locations":[{"start":{"line":92,"column":2},"end":{"line":94,"column":null}},{"start":{},"end":{}}],"line":92},"12":{"loc":{"start":{"line":97,"column":9},"end":{"line":97,"column":null}},"type":"cond-expr","locations":[{"start":{"line":97,"column":28},"end":{"line":97,"column":37}},{"start":{"line":97,"column":37},"end":{"line":97,"column":null}}],"line":97},"13":{"loc":{"start":{"line":107,"column":2},"end":{"line":109,"column":null}},"type":"if","locations":[{"start":{"line":107,"column":2},"end":{"line":109,"column":null}},{"start":{},"end":{}}],"line":107},"14":{"loc":{"start":{"line":107,"column":6},"end":{"line":107,"column":32}},"type":"binary-expr","locations":[{"start":{"line":107,"column":6},"end":{"line":107,"column":20}},{"start":{"line":107,"column":20},"end":{"line":107,"column":32}}],"line":107},"15":{"loc":{"start":{"line":112,"column":9},"end":{"line":112,"column":null}},"type":"cond-expr","locations":[{"start":{"line":112,"column":28},"end":{"line":112,"column":37}},{"start":{"line":112,"column":37},"end":{"line":112,"column":null}}],"line":112}},"s":{"0":114,"1":114,"2":114,"3":2,"4":112,"5":112,"6":112,"7":114,"8":114,"9":114,"10":114,"11":114,"12":30,"13":82,"14":82,"15":52,"16":52,"17":15,"18":15,"19":15,"20":15,"21":0,"22":82,"23":52,"24":4,"25":48,"26":48,"27":48,"28":15,"29":2,"30":13,"31":13,"32":15,"33":3,"34":12,"35":12},"f":{"0":114,"1":52,"2":15,"3":15},"b":{"0":[114,103],"1":[2,112],"2":[114,113],"3":[0,112],"4":[12,100],"5":[114,97],"6":[30,84],"7":[82,15,15,0],"8":[4,48],"9":[52,50,49],"10":[48,0],"11":[2,13],"12":[13,0],"13":[3,12],"14":[15,13],"15":[12,0]},"meta":{"lastBranch":16,"lastFunction":4,"lastStatement":36,"seen":{"f:12:16:12:Infinity":0,"s:17:17:17:Infinity":0,"b:17:17:17:32:17:32:17:Infinity":0,"s:21:22:21:Infinity":1,"b:22:2:24:Infinity:undefined:undefined:undefined:undefined":1,"s:22:2:24:Infinity":2,"b:22:6:22:22:22:22:22:55":2,"s:23:4:23:Infinity":3,"s:27:20:27:Infinity":4,"s:28:17:28:Infinity":5,"s:31:17:31:Infinity":6,"b:31:53:31:81:31:81:31:Infinity":3,"s:32:8:32:Infinity":7,"s:33:17:33:Infinity":8,"b:33:24:33:64:33:64:33:Infinity":4,"s:34:16:34:Infinity":9,"b:34:16:34:32:34:32:34:Infinity":5,"s:37:19:37:Infinity":10,"b:40:2:42:Infinity:undefined:undefined:undefined:undefined":6,"s:40:2:42:Infinity":11,"s:41:4:41:Infinity":12,"s:45:28:45:Infinity":13,"b:51:4:53:Infinity:54:4:56:Infinity:57:4:59:Infinity:60:4:61:Infinity":7,"s:50:2:62:Infinity":14,"s:52:6:52:Infinity":15,"s:53:6:53:Infinity":16,"s:55:6:55:Infinity":17,"s:56:6:56:Infinity":18,"s:58:6:58:Infinity":19,"s:59:6:59:Infinity":20,"s:61:6:61:Infinity":21,"s:64:2:64:Infinity":22,"f:72:9:72:29":1,"b:74:2:76:Infinity:undefined:undefined:undefined:undefined":8,"s:74:2:76:Infinity":23,"b:74:6:74:20:74:20:74:34:74:34:74:46":9,"s:75:4:75:Infinity":24,"s:78:16:78:Infinity":25,"s:79:17:79:Infinity":26,"s:82:2:82:Infinity":27,"b:82:28:82:37:82:37:82:Infinity":10,"f:90:9:90:30":2,"b:92:2:94:Infinity:undefined:undefined:undefined:undefined":11,"s:92:2:94:Infinity":28,"s:93:4:93:Infinity":29,"s:96:17:96:Infinity":30,"s:97:2:97:Infinity":31,"b:97:28:97:37:97:37:97:Infinity":12,"f:105:9:105:27":3,"b:107:2:109:Infinity:undefined:undefined:undefined:undefined":13,"s:107:2:109:Infinity":32,"b:107:6:107:20:107:20:107:32":14,"s:108:4:108:Infinity":33,"s:111:17:111:Infinity":34,"s:112:2:112:Infinity":35,"b:112:28:112:37:112:37:112:Infinity":15}}}
,"/Users/yfujita/fuji/private/github/elasticsearch-function-score-simulator/src/core/functions/fieldValueFactor.ts": {"path":"/Users/yfujita/fuji/private/github/elasticsearch-function-score-simulator/src/core/functions/fieldValueFactor.ts","statementMap":{"0":{"start":{"line":16,"column":57},"end":{"line":16,"column":null}},"1":{"start":{"line":17,"column":17},"end":{"line":17,"column":null}},"2":{"start":{"line":20,"column":16},"end":{"line":20,"column":null}},"3":{"start":{"line":23,"column":15},"end":{"line":23,"column":null}},"4":{"start":{"line":26,"column":2},"end":{"line":26,"column":null}},"5":{"start":{"line":29,"column":2},"end":{"line":29,"column":null}},"6":{"start":{"line":40,"column":2},"end":{"line":73,"column":null}},"7":{"start":{"line":42,"column":6},"end":{"line":42,"column":null}},"8":{"start":{"line":45,"column":6},"end":{"line":45,"column":null}},"9":{"start":{"line":48,"column":6},"end":{"line":48,"column":null}},"10":{"start":{"line":51,"column":6},"end":{"line":51,"column":null}},"11":{"start":{"line":54,"column":6},"end":{"line":54,"column":null}},"12":{"start":{"line":57,"column":6},"end":{"line":57,"column":null}},"13":{"start":{"line":60,"column":6},"end":{"line":60,"column":null}},"14":{"start":{"line":62,"column":6},"end":{"line":62,"column":null}},"15":{"start":{"line":65,"column":6},"end":{"line":65,"column":null}},"16":{"start":{"line":69,"column":6},"end":{"line":69,"column":null}},"17":{"start":{"line":72,"column":6},"end":{"line":72,"column":null}}},"fnMap":{"0":{"name":"calculateFieldValueFactor","decl":{"start":{"line":12,"column":16},"end":{"line":12,"column":null}},"loc":{"start":{"line":15,"column":10},"end":{"line":30,"column":null}},"line":15},"1":{"name":"applyModifier","decl":{"start":{"line":39,"column":9},"end":{"line":39,"column":23}},"loc":{"start":{"line":39,"column":82},"end":{"line":74,"column":null}},"line":39}},"branchMap":{"0":{"loc":{"start":{"line":16,"column":10},"end":{"line":16,"column":22}},"type":"default-arg","locations":[{"start":{"line":16,"column":19},"end":{"line":16,"column":22}}],"line":16},"1":{"loc":{"start":{"line":16,"column":22},"end":{"line":16,"column":41}},"type":"default-arg","locations":[{"start":{"line":16,"column":33},"end":{"line":16,"column":41}}],"line":16},"2":{"loc":{"start":{"line":16,"column":41},"end":{"line":16,"column":53}},"type":"default-arg","locations":[{"start":{"line":16,"column":51},"end":{"line":16,"column":53}}],"line":16},"3":{"loc":{"start":{"line":17,"column":17},"end":{"line":17,"column":null}},"type":"binary-expr","locations":[{"start":{"line":17,"column":17},"end":{"line":17,"column":32}},{"start":{"line":17,"column":32},"end":{"line":17,"column":null}}],"line":17},"4":{"loc":{"start":{"line":20,"column":16},"end":{"line":20,"column":null}},"type":"binary-expr","locations":[{"start":{"line":20,"column":16},"end":{"line":20,"column":30}},{"start":{"line":20,"column":30},"end":{"line":20,"column":null}}],"line":20},"5":{"loc":{"start":{"line":40,"column":2},"end":{"line":73,"column":null}},"type":"switch","locations":[{"start":{"line":41,"column":4},"end":{"line":42,"column":null}},{"start":{"line":43,"column":4},"end":{"line":45,"column":null}},{"start":{"line":46,"column":4},"end":{"line":48,"column":null}},{"start":{"line":49,"column":4},"end":{"line":51,"column":null}},{"start":{"line":52,"column":4},"end":{"line":54,"column":null}},{"start":{"line":55,"column":4},"end":{"line":57,"column":null}},{"start":{"line":58,"column":4},"end":{"line":60,"column":null}},{"start":{"line":61,"column":4},"end":{"line":62,"column":null}},{"start":{"line":63,"column":4},"end":{"line":65,"column":null}},{"start":{"line":66,"column":4},"end":{"line":69,"column":null}},{"start":{"line":70,"column":4},"end":{"line":72,"column":null}}],"line":40},"6":{"loc":{"start":{"line":45,"column":13},"end":{"line":45,"column":null}},"type":"cond-expr","locations":[{"start":{"line":45,"column":25},"end":{"line":45,"column":45}},{"start":{"line":45,"column":45},"end":{"line":45,"column":null}}],"line":45},"7":{"loc":{"start":{"line":48,"column":13},"end":{"line":48,"column":null}},"type":"cond-expr","locations":[{"start":{"line":48,"column":26},"end":{"line":48,"column":50}},{"start":{"line":48,"column":50},"end":{"line":48,"column":null}}],"line":48},"8":{"loc":{"start":{"line":51,"column":13},"end":{"line":51,"column":null}},"type":"cond-expr","locations":[{"start":{"line":51,"column":26},"end":{"line":51,"column":50}},{"start":{"line":51,"column":50},"end":{"line":51,"column":null}}],"line":51},"9":{"loc":{"start":{"line":54,"column":13},"end":{"line":54,"column":null}},"type":"cond-expr","locations":[{"start":{"line":54,"column":25},"end":{"line":54,"column":43}},{"start":{"line":54,"column":43},"end":{"line":54,"column":null}}],"line":54},"10":{"loc":{"start":{"line":57,"column":13},"end":{"line":57,"column":null}},"type":"cond-expr","locations":[{"start":{"line":57,"column":26},"end":{"line":57,"column":48}},{"start":{"line":57,"column":48},"end":{"line":57,"column":null}}],"line":57},"11":{"loc":{"start":{"line":60,"column":13},"end":{"line":60,"column":null}},"type":"cond-expr","locations":[{"start":{"line":60,"column":26},"end":{"line":60,"column":48}},{"start":{"line":60,"column":48},"end":{"line":60,"column":null}}],"line":60},"12":{"loc":{"start":{"line":65,"column":13},"end":{"line":65,"column":null}},"type":"cond-expr","locations":[{"start":{"line":65,"column":26},"end":{"line":65,"column":45}},{"start":{"line":65,"column":45},"end":{"line":65,"column":null}}],"line":65},"13":{"loc":{"start":{"line":69,"column":13},"end":{"line":69,"column":null}},"type":"cond-expr","locations":[{"start":{"line":69,"column":27},"end":{"line":69,"column":39}},{"start":{"line":69,"column":39},"end":{"line":69,"column":null}}],"line":69}},"s":{"0":218,"1":218,"2":218,"3":218,"4":218,"5":218,"6":218,"7":164,"8":6,"9":4,"10":3,"11":4,"12":3,"13":3,"14":3,"15":24,"16":4,"17":0},"f":{"0":218,"1":218},"b":{"0":[218],"1":[218],"2":[218],"3":[218,211],"4":[218,2],"5":[164,6,4,3,4,3,3,3,24,4,0],"6":[4,2],"7":[2,2],"8":[1,2],"9":[2,2],"10":[1,2],"11":[1,2],"12":[12,12],"13":[3,1]},"meta":{"lastBranch":14,"lastFunction":2,"lastStatement":18,"seen":{"f:12:16:12:Infinity":0,"s:16:57:16:Infinity":0,"b:16:19:16:22":0,"b:16:33:16:41":1,"b:16:51:16:53":2,"s:17:17:17:Infinity":1,"b:17:17:17:32:17:32:17:Infinity":3,"s:20:16:20:Infinity":2,"b:20:16:20:30:20:30:20:Infinity":4,"s:23:15:23:Infinity":3,"s:26:2:26:Infinity":4,"s:29:2:29:Infinity":5,"f:39:9:39:23":1,"b:41:4:42:Infinity:43:4:45:Infinity:46:4:48:Infinity:49:4:51:Infinity:52:4:54:Infinity:55:4:57:Infinity:58:4:60:Infinity:61:4:62:Infinity:63:4:65:Infinity:66:4:69:Infinity:70:4:72:Infinity":5,"s:40:2:73:Infinity":6,"s:42:6:42:Infinity":7,"s:45:6:45:Infinity":8,"b:45:25:45:45:45:45:45:Infinity":6,"s:48:6:48:Infinity":9,"b:48:26:48:50:48:50:48:Infinity":7,"s:51:6:51:Infinity":10,"b:51:26:51:50:51:50:51:Infinity":8,"s:54:6:54:Infinity":11,"b:54:25:54:43:54:43:54:Infinity":9,"s:57:6:57:Infinity":12,"b:57:26:57:48:57:48:57:Infinity":10,"s:60:6:60:Infinity":13,"b:60:26:60:48:60:48:60:Infinity":11,"s:62:6:62:Infinity":14,"s:65:6:65:Infinity":15,"b:65:26:65:45:65:45:65:Infinity":12,"s:69:6:69:Infinity":16,"b:69:27:69:39:69:39:69:Infinity":13,"s:72:6:72:Infinity":17}}}
,"/Users/yfujita/fuji/private/github/elasticsearch-function-score-simulator/src/utils/dateUtils.ts": {"path":"/Users/yfujita/fuji/private/github/elasticsearch-function-score-simulator/src/utils/dateUtils.ts","statementMap":{"0":{"start":{"line":10,"column":2},"end":{"line":10,"column":null}},"1":{"start":{"line":20,"column":2},"end":{"line":20,"column":null}},"2":{"start":{"line":31,"column":2},"end":{"line":33,"column":null}},"3":{"start":{"line":32,"column":4},"end":{"line":32,"column":null}},"4":{"start":{"line":36,"column":16},"end":{"line":36,"column":null}},"5":{"start":{"line":37,"column":2},"end":{"line":40,"column":null}},"6":{"start":{"line":39,"column":4},"end":{"line":39,"column":null}},"7":{"start":{"line":42,"column":16},"end":{"line":42,"column":null}},"8":{"start":{"line":43,"column":15},"end":{"line":43,"column":null}},"9":{"start":{"line":46,"column":2},"end":{"line":61,"column":null}},"10":{"start":{"line":48,"column":6},"end":{"line":48,"column":null}},"11":{"start":{"line":50,"column":6},"end":{"line":50,"column":null}},"12":{"start":{"line":52,"column":6},"end":{"line":52,"column":null}},"13":{"start":{"line":54,"column":6},"end":{"line":54,"column":null}},"14":{"start":{"line":56,"column":6},"end":{"line":56,"column":null}},"15":{"start":{"line":58,"column":6},"end":{"line":58,"column":null}},"16":{"start":{"line":60,"column":6},"end":{"line":60,"column":null}}},"fnMap":{"0":{"name":"dateToTimestamp","decl":{"start":{"line":9,"column":16},"end":{"line":9,"column":32}},"loc":{"start":{"line":9,"column":60},"end":{"line":11,"column":null}},"line":9},"1":{"name":"timestampToDate","decl":{"start":{"line":19,"column":16},"end":{"line":19,"column":32}},"loc":{"start":{"line":19,"column":59},"end":{"line":21,"column":null}},"line":19},"2":{"name":"parseDuration","decl":{"start":{"line":29,"column":16},"end":{"line":29,"column":30}},"loc":{"start":{"line":29,"column":65},"end":{"line":62,"column":null}},"line":29}},"branchMap":{"0":{"loc":{"start":{"line":31,"column":2},"end":{"line":33,"column":null}},"type":"if","locations":[{"start":{"line":31,"column":2},"end":{"line":33,"column":null}},{"start":{},"end":{}}],"line":31},"1":{"loc":{"start":{"line":37,"column":2},"end":{"line":40,"column":null}},"type":"if","locations":[{"start":{"line":37,"column":2},"end":{"line":40,"column":null}},{"start":{},"end":{}}],"line":37},"2":{"loc":{"start":{"line":39,"column":11},"end":{"line":39,"column":null}},"type":"binary-expr","locations":[{"start":{"line":39,"column":11},"end":{"line":39,"column":35}},{"start":{"line":39,"column":35},"end":{"line":39,"column":null}}],"line":39},"3":{"loc":{"start":{"line":46,"column":2},"end":{"line":61,"column":null}},"type":"switch","locations":[{"start":{"line":47,"column":4},"end":{"line":48,"column":null}},{"start":{"line":49,"column":4},"end":{"line":50,"column":null}},{"start":{"line":51,"column":4},"end":{"line":52,"column":null}},{"start":{"line":53,"column":4},"end":{"line":54,"column":null}},{"start":{"line":55,"column":4},"end":{"line":56,"column":null}},{"start":{"line":57,"column":4},"end":{"line":58,"column":null}},{"start":{"line":59,"column":4},"end":{"line":60,"column":null}}],"line":46}},"s":{"0":16,"1":11,"2":190,"3":127,"4":63,"5":63,"6":9,"7":54,"8":54,"9":54,"10":8,"11":11,"12":6,"13":7,"14":16,"15":6,"16":0},"f":{"0":16,"1":11,"2":190},"b":{"0":[127,63],"1":[9,54],"2":[9,5],"3":[8,11,6,7,16,6,0]},"meta":{"lastBranch":4,"lastFunction":3,"lastStatement":17,"seen":{"f:9:16:9:32":0,"s:10:2:10:Infinity":0,"f:19:16:19:32":1,"s:20:2:20:Infinity":1,"f:29:16:29:30":2,"b:31:2:33:Infinity:undefined:undefined:undefined:undefined":0,"s:31:2:33:Infinity":2,"s:32:4:32:Infinity":3,"s:36:16:36:Infinity":4,"b:37:2:40:Infinity:undefined:undefined:undefined:undefined":1,"s:37:2:40:Infinity":5,"s:39:4:39:Infinity":6,"b:39:11:39:35:39:35:39:Infinity":2,"s:42:16:42:Infinity":7,"s:43:15:43:Infinity":8,"b:47:4:48:Infinity:49:4:50:Infinity:51:4:52:Infinity:53:4:54:Infinity:55:4:56:Infinity:57:4:58:Infinity:59:4:60:Infinity":3,"s:46:2:61:Infinity":9,"s:48:6:48:Infinity":10,"s:50:6:50:Infinity":11,"s:52:6:52:Infinity":12,"s:54:6:54:Infinity":13,"s:56:6:56:Infinity":14,"s:58:6:58:Infinity":15,"s:60:6:60:Infinity":16}}}
}
